<?xml version="1.0" encoding="UTF-8"?>
<!-- Generated by org.testng.reporters.JUnitXMLReporter -->
<testsuite ignored="0" hostname="DESKTOP-RP7ECBF" failures="0" tests="4" name="Default test" time="3.665" errors="0" timestamp="2023-12-18T19:59:46 IST">
  <testcase classname="endProject.LoggingRequest004" name="Logging_Request" time="1.947"/>
  <testcase classname="endProject.GetUser002" name="getUsers" time="0.549"/>
  <testcase classname="endProject.RegisterUser001" name="registerUser" time="0.556"/>
  <testcase classname="endProject.LoginUser003" name="Login_User" time="0.576"/>
</testsuite> <!-- Default test -->
