<?xml version="1.0" encoding="UTF-8"?>
<testng-results ignored="0" total="4" passed="4" failed="0" skipped="0">
  <reporter-output>
  </reporter-output>
  <suite started-at="2023-12-18T19:59:42 IST" name="Default suite" finished-at="2023-12-18T19:59:46 IST" duration-ms="3665">
    <groups>
    </groups>
    <test started-at="2023-12-18T19:59:42 IST" name="Default test" finished-at="2023-12-18T19:59:46 IST" duration-ms="3665">
      <class name="endProject.LoggingRequest004">
        <test-method signature="Logging_Request()[pri:0, instance:endProject.LoggingRequest004@614ca7df]" started-at="2023-12-18T19:59:42 IST" name="Logging_Request" finished-at="2023-12-18T19:59:44 IST" duration-ms="1947" status="PASS">
          <reporter-output>
          </reporter-output>
        </test-method> <!-- Logging_Request -->
      </class> <!-- endProject.LoggingRequest004 -->
      <class name="endProject.GetUser002">
        <test-method signature="getUsers()[pri:0, instance:endProject.GetUser002@4f2b503c]" started-at="2023-12-18T19:59:44 IST" name="getUsers" finished-at="2023-12-18T19:59:45 IST" duration-ms="549" status="PASS">
          <reporter-output>
          </reporter-output>
        </test-method> <!-- getUsers -->
      </class> <!-- endProject.GetUser002 -->
      <class name="endProject.RegisterUser001">
        <test-method signature="registerUser()[pri:0, instance:endProject.RegisterUser001@bae7dc0]" started-at="2023-12-18T19:59:45 IST" name="registerUser" finished-at="2023-12-18T19:59:45 IST" duration-ms="556" status="PASS">
          <reporter-output>
          </reporter-output>
        </test-method> <!-- registerUser -->
      </class> <!-- endProject.RegisterUser001 -->
      <class name="endProject.LoginUser003">
        <test-method signature="Login_User()[pri:0, instance:endProject.LoginUser003@209da20d]" started-at="2023-12-18T19:59:45 IST" name="Login_User" finished-at="2023-12-18T19:59:46 IST" duration-ms="576" status="PASS">
          <reporter-output>
          </reporter-output>
        </test-method> <!-- Login_User -->
      </class> <!-- endProject.LoginUser003 -->
    </test> <!-- Default test -->
  </suite> <!-- Default suite -->
</testng-results>
